[2026-05-14 23:16:55 INFO] [API] 收到勘误反馈请求 - user_id: 1, request_data: {'shop_id': 1, 'name': '周沫西餐', 'area_dict_data_id': 0, 'category_dict_data_id': 0, 'reason': 'string'}
[2026-05-14 23:16:55 INFO] [勘误反馈] 开始处理请求 - user_id: 1, shop_id: 1
[2026-05-14 23:16:55 INFO] [勘误反馈] 输入参数 - name: 周沫西餐, area_dict_data_id: 0, category_dict_data_id: 0, reason: string
[2026-05-14 23:16:55 INFO] [勘误反馈] area_dict_data_id 为 0，已设为 None
[2026-05-14 23:16:55 INFO] [勘误反馈] category_dict_data_id 为 0，已设为 None
[2026-05-14 23:16:55 INFO] [勘误反馈] 查询店铺结果 - shop: 周末餐
[2026-05-14 23:16:55 INFO] [勘误反馈] 开始验证修改项
[2026-05-14 23:16:55 INFO] [勘误反馈] 验证名称 - name: 周沫西餐
[2026-05-14 23:16:55 INFO] [勘误反馈] 名称验证通过 - changes: {'name': '周沫西餐'}
[2026-05-14 23:16:55 INFO] [勘误反馈] 开始检查重复请求限制 - changes: {'name': '周沫西餐'}
[2026-05-14 23:16:55 INFO] [勘误反馈] 字段 name 近期请求数: 0
[2026-05-14 23:16:55 INFO] [勘误反馈] 今日店铺总请求数: 1
[2026-05-14 23:16:55 INFO] [勘误反馈] 准备创建请求记录 - proposed_data: {'type': 'correction', 'changes': {'name': '周沫西餐'}, 'reason': 'string'}
[2026-05-14 23:16:55 INFO] [勘误反馈] 请求记录创建成功 - request_id: 2
[2026-05-14 23:16:55 INFO] [API] 勘误反馈提交成功 - request_id: 2
[2026-05-14 23:17:18 INFO] [API] 收到勘误反馈请求 - user_id: 1, request_data: {'shop_id': 2, 'name': 'string', 'area_dict_data_id': 1, 'category_dict_data_id': 0, 'reason': 'string'}
[2026-05-14 23:17:18 INFO] [勘误反馈] 开始处理请求 - user_id: 1, shop_id: 2
[2026-05-14 23:17:18 INFO] [勘误反馈] 输入参数 - name: string, area_dict_data_id: 1, category_dict_data_id: 0, reason: string
[2026-05-14 23:17:18 INFO] [勘误反馈] category_dict_data_id 为 0，已设为 None
[2026-05-14 23:17:18 INFO] [勘误反馈] 查询店铺结果 - shop: 川渝印象·老火锅
[2026-05-14 23:17:18 INFO] [勘误反馈] 开始验证修改项
[2026-05-14 23:17:18 INFO] [勘误反馈] 验证名称 - name: string
[2026-05-14 23:17:18 INFO] [勘误反馈] 名称验证通过 - changes: {'name': 'string'}
[2026-05-14 23:17:18 INFO] [勘误反馈] 验证区域 - area_dict_data_id: 1
[2026-05-14 23:17:18 INFO] [勘误反馈] 查询区域字典结果 - dict_data: 地方菜(local_cuisine)
[2026-05-14 23:17:18 ERROR] [勘误反馈] 未知错误 - 'QuerySet' object has no attribute 'code'
Traceback (most recent call last):
  File "D:\program\foodie_hub\FoodieHub\backend\services\shop_service.py", line 357, in submit_shop_correction_request
    if not dict_data or not dict_data.dict_type or dict_data.dict_type.code != "location_type":
                                                   ^^^^^^^^^^^^^^^^^^^^^^^^
AttributeError: 'QuerySet' object has no attribute 'code'
[2026-05-14 23:17:18 ERROR] [API] 勘误反馈未知错误 - user_id: 1, error: 'QuerySet' object has no attribute 'code'
Traceback (most recent call last):
  File "D:\program\foodie_hub\FoodieHub\backend\routers\shops.py", line 374, in submit_shop_edit_request
    request_obj = await ShopService.submit_shop_correction_request(
                  ^^^^^^^^^^^^^^^^^^^^^^^^^^^^^^^^^^^^^^^^^^^^^^^^^
  File "D:\program\foodie_hub\FoodieHub\backend\services\shop_service.py", line 357, in submit_shop_correction_request
    if not dict_data or not dict_data.dict_type or dict_data.dict_type.code != "location_type":
                                                   ^^^^^^^^^^^^^^^^^^^^^^^^
AttributeError: 'QuerySet' object has no attribute 'code'
[2026-05-14 23:17:38 INFO] [API] 收到勘误反馈请求 - user_id: 1, request_data: {'shop_id': 2, 'name': 'string', 'area_dict_data_id': 1, 'category_dict_data_id': 0, 'reason': 'string'}
[2026-05-14 23:17:38 INFO] [勘误反馈] 开始处理请求 - user_id: 1, shop_id: 2
[2026-05-14 23:17:38 INFO] [勘误反馈] 输入参数 - name: string, area_dict_data_id: 1, category_dict_data_id: 0, reason: string
[2026-05-14 23:17:38 INFO] [勘误反馈] category_dict_data_id 为 0，已设为 None
[2026-05-14 23:17:38 INFO] [勘误反馈] 查询店铺结果 - shop: 川渝印象·老火锅
[2026-05-14 23:17:38 INFO] [勘误反馈] 开始验证修改项
[2026-05-14 23:17:38 INFO] [勘误反馈] 验证名称 - name: string
[2026-05-14 23:17:38 INFO] [勘误反馈] 名称验证通过 - changes: {'name': 'string'}
[2026-05-14 23:17:38 INFO] [勘误反馈] 验证区域 - area_dict_data_id: 1
[2026-05-14 23:17:38 INFO] [勘误反馈] 查询区域字典结果 - dict_data: 地方菜(local_cuisine)
[2026-05-14 23:17:38 ERROR] [勘误反馈] 未知错误 - 'QuerySet' object has no attribute 'code'
Traceback (most recent call last):
  File "D:\program\foodie_hub\FoodieHub\backend\services\shop_service.py", line 357, in submit_shop_correction_request
    if not dict_data or not dict_data.dict_type or dict_data.dict_type.code != "location_type":
                                                   ^^^^^^^^^^^^^^^^^^^^^^^^
AttributeError: 'QuerySet' object has no attribute 'code'
[2026-05-14 23:17:38 ERROR] [API] 勘误反馈未知错误 - user_id: 1, error: 'QuerySet' object has no attribute 'code'
Traceback (most recent call last):
  File "D:\program\foodie_hub\FoodieHub\backend\routers\shops.py", line 374, in submit_shop_edit_request
    request_obj = await ShopService.submit_shop_correction_request(
                  ^^^^^^^^^^^^^^^^^^^^^^^^^^^^^^^^^^^^^^^^^^^^^^^^^
  File "D:\program\foodie_hub\FoodieHub\backend\services\shop_service.py", line 357, in submit_shop_correction_request
    if not dict_data or not dict_data.dict_type or dict_data.dict_type.code != "location_type":
                                                   ^^^^^^^^^^^^^^^^^^^^^^^^
AttributeError: 'QuerySet' object has no attribute 'code'
[2026-05-14 23:18:03 INFO] [API] 收到勘误反馈请求 - user_id: 2, request_data: {'shop_id': 2, 'name': 'string', 'area_dict_data_id': 1, 'category_dict_data_id': 0, 'reason': 'string'}
[2026-05-14 23:18:03 INFO] [勘误反馈] 开始处理请求 - user_id: 2, shop_id: 2
[2026-05-14 23:18:03 INFO] [勘误反馈] 输入参数 - name: string, area_dict_data_id: 1, category_dict_data_id: 0, reason: string
[2026-05-14 23:18:03 INFO] [勘误反馈] category_dict_data_id 为 0，已设为 None
[2026-05-14 23:18:03 INFO] [勘误反馈] 查询店铺结果 - shop: 川渝印象·老火锅
[2026-05-14 23:18:03 INFO] [勘误反馈] 开始验证修改项
[2026-05-14 23:18:03 INFO] [勘误反馈] 验证名称 - name: string
[2026-05-14 23:18:03 INFO] [勘误反馈] 名称验证通过 - changes: {'name': 'string'}
[2026-05-14 23:18:03 INFO] [勘误反馈] 验证区域 - area_dict_data_id: 1
[2026-05-14 23:18:03 INFO] [勘误反馈] 查询区域字典结果 - dict_data: 地方菜(local_cuisine)
[2026-05-14 23:18:03 ERROR] [勘误反馈] 未知错误 - 'QuerySet' object has no attribute 'code'
Traceback (most recent call last):
  File "D:\program\foodie_hub\FoodieHub\backend\services\shop_service.py", line 357, in submit_shop_correction_request
    if not dict_data or not dict_data.dict_type or dict_data.dict_type.code != "location_type":
                                                   ^^^^^^^^^^^^^^^^^^^^^^^^
AttributeError: 'QuerySet' object has no attribute 'code'
[2026-05-14 23:18:03 ERROR] [API] 勘误反馈未知错误 - user_id: 2, error: 'QuerySet' object has no attribute 'code'
Traceback (most recent call last):
  File "D:\program\foodie_hub\FoodieHub\backend\routers\shops.py", line 374, in submit_shop_edit_request
    request_obj = await ShopService.submit_shop_correction_request(
                  ^^^^^^^^^^^^^^^^^^^^^^^^^^^^^^^^^^^^^^^^^^^^^^^^^
  File "D:\program\foodie_hub\FoodieHub\backend\services\shop_service.py", line 357, in submit_shop_correction_request
    if not dict_data or not dict_data.dict_type or dict_data.dict_type.code != "location_type":
                                                   ^^^^^^^^^^^^^^^^^^^^^^^^
AttributeError: 'QuerySet' object has no attribute 'code'
[2026-05-14 23:25:16 INFO] [API] 收到勘误反馈请求 - user_id: 1, request_data: {'shop_id': 2, 'name': 'string', 'area_dict_data_id': 0, 'category_dict_data_id': 5, 'reason': 'string'}
[2026-05-14 23:25:16 INFO] [勘误反馈] 开始处理请求 - user_id: 1, shop_id: 2
[2026-05-14 23:25:16 INFO] [勘误反馈] 输入参数 - name: string, area_dict_data_id: 0, category_dict_data_id: 5, reason: string
[2026-05-14 23:25:16 INFO] [勘误反馈] area_dict_data_id 为 0，已设为 None
[2026-05-14 23:25:16 INFO] [勘误反馈] 查询店铺结果 - shop: 川渝印象·老火锅
[2026-05-14 23:25:16 INFO] [勘误反馈] 开始验证修改项
[2026-05-14 23:25:16 INFO] [勘误反馈] 验证名称 - name: string
[2026-05-14 23:25:16 INFO] [勘误反馈] 名称验证通过 - changes: {'name': 'string'}
[2026-05-14 23:25:16 INFO] [勘误反馈] 验证品类 - category_dict_data_id: 5
[2026-05-14 23:25:16 INFO] [勘误反馈] 查询品类字典结果 - dict_data: 小吃快餐(snacks)
[2026-05-14 23:25:16 ERROR] [勘误反馈] 未知错误 - 'QuerySet' object has no attribute 'code'
Traceback (most recent call last):
  File "D:\program\foodie_hub\FoodieHub\backend\services\shop_service.py", line 377, in submit_shop_correction_request
    current_ids = [d.id for d in current_dict_data if d.dict_type and d.dict_type.code == "category"]
                                                                      ^^^^^^^^^^^^^^^^
AttributeError: 'QuerySet' object has no attribute 'code'
[2026-05-14 23:25:16 ERROR] [API] 勘误反馈未知错误 - user_id: 1, error: 'QuerySet' object has no attribute 'code'
Traceback (most recent call last):
  File "D:\program\foodie_hub\FoodieHub\backend\routers\shops.py", line 374, in submit_shop_edit_request
    request_obj = await ShopService.submit_shop_correction_request(
                  ^^^^^^^^^^^^^^^^^^^^^^^^^^^^^^^^^^^^^^^^^^^^^^^^^
  File "D:\program\foodie_hub\FoodieHub\backend\services\shop_service.py", line 377, in submit_shop_correction_request
    current_ids = [d.id for d in current_dict_data if d.dict_type and d.dict_type.code == "category"]
                                                                      ^^^^^^^^^^^^^^^^
AttributeError: 'QuerySet' object has no attribute 'code'
